<?xml version="1.0" encoding="UTF-8"?>
<!-- Generated by org.testng.reporters.JUnitReportReporter -->
<testsuite hostname="DESKTOP-C3CR4CN" failures="0" tests="3" name="com.solera.training.test.testAccountRepo" time="0.020" errors="0" timestamp="2022-10-28T01:18:16 WEST" skipped="0">
  <testcase classname="com.solera.training.test.testAccountRepo" name="testGetAcc_ID" time="0.004"/>
  <system-out/>
  <testcase classname="com.solera.training.test.testAccountRepo" name="checkList" time="0.014"/>
  <system-out/>
  <testcase classname="com.solera.training.test.testAccountRepo" name="testGetAcc_Username" time="0.002"/>
  <system-out/>
</testsuite> <!-- com.solera.training.test.testAccountRepo -->
