<?xml version="1.0" encoding="UTF-8"?>
<!-- Generated by org.testng.reporters.JUnitReportReporter -->
<testsuite hostname="DESKTOP-C3CR4CN" failures="0" tests="1" name="com.solera.training.test.testAccount" time="0.009" errors="0" timestamp="2022-10-28T00:09:50 WEST" skipped="0">
  <testcase classname="com.solera.training.test.testAccount" name="checkList" time="0.009"/>
  <system-out/>
</testsuite> <!-- com.solera.training.test.testAccount -->
