<?xml version="1.0" encoding="UTF-8"?>
<!-- Generated by org.testng.reporters.JUnitReportReporter -->
<testsuite hostname="DESKTOP-C3CR4CN" failures="0" tests="8" name="com.solera.training.test.testData" time="0.007" errors="0" timestamp="2022-10-28T01:17:57 WEST" skipped="0">
  <testcase classname="com.solera.training.test.testData" name="testLoginFunc" time="0.000"/>
  <system-out/>
  <testcase classname="com.solera.training.test.testData" name="checkUserDetails_Username" time="0.002"/>
  <system-out/>
  <testcase classname="com.solera.training.test.testData" name="testLoginFunc_Mix" time="0.000"/>
  <system-out/>
  <testcase classname="com.solera.training.test.testData" name="checkList" time="0.004"/>
  <system-out/>
  <testcase classname="com.solera.training.test.testData" name="testLoginFunc_CapCase_passwor" time="0.000"/>
  <system-out/>
  <testcase classname="com.solera.training.test.testData" name="checkUserDetails_Lname" time="0.000"/>
  <system-out/>
  <testcase classname="com.solera.training.test.testData" name="checkUserDetails_Fname" time="0.001"/>
  <system-out/>
  <testcase classname="com.solera.training.test.testData" name="testLoginFunc_CapCase_Username" time="0.000"/>
  <system-out/>
</testsuite> <!-- com.solera.training.test.testData -->
